{"meta": {"format": 3, "version": "7.6.1", "timestamp": "2024-08-21T14:34:20.912285", "branch_coverage": false, "show_contexts": false}, "files": {"src/evaluate.py": {"executed_lines": [1, 20, 21, 22, 23, 25, 48], "summary": {"covered_lines": 6, "num_statements": 23, "percent_covered": 26.08695652173913, "percent_covered_display": "26", "missing_lines": 17, "excluded_lines": 0}, "missing_lines": [39, 40, 41, 42, 43, 44, 45, 63, 64, 66, 67, 68, 69, 70, 71, 72, 73], "excluded_lines": [], "functions": {"load_model": {"executed_lines": [], "summary": {"covered_lines": 0, "num_statements": 7, "percent_covered": 0.0, "percent_covered_display": "0", "missing_lines": 7, "excluded_lines": 0}, "missing_lines": [39, 40, 41, 42, 43, 44, 45], "excluded_lines": []}, "evaluate_model": {"executed_lines": [], "summary": {"covered_lines": 0, "num_statements": 10, "percent_covered": 0.0, "percent_covered_display": "0", "missing_lines": 10, "excluded_lines": 0}, "missing_lines": [63, 64, 66, 67, 68, 69, 70, 71, 72, 73], "excluded_lines": []}, "": {"executed_lines": [1, 20, 21, 22, 23, 25, 48], "summary": {"covered_lines": 6, "num_statements": 6, "percent_covered": 100.0, "percent_covered_display": "100", "missing_lines": 0, "excluded_lines": 0}, "missing_lines": [], "excluded_lines": []}}, "classes": {"": {"executed_lines": [1, 20, 21, 22, 23, 25, 48], "summary": {"covered_lines": 6, "num_statements": 23, "percent_covered": 26.08695652173913, "percent_covered_display": "26", "missing_lines": 17, "excluded_lines": 0}, "missing_lines": [39, 40, 41, 42, 43, 44, 45, 63, 64, 66, 67, 68, 69, 70, 71, 72, 73], "excluded_lines": []}}}, "src/inference.py": {"executed_lines": [1, 21, 22, 23, 24, 28, 29, 30, 32, 55, 75], "summary": {"covered_lines": 9, "num_statements": 26, "percent_covered": 34.61538461538461, "percent_covered_display": "35", "missing_lines": 17, "excluded_lines": 0}, "missing_lines": [45, 46, 47, 48, 50, 51, 53, 68, 69, 70, 71, 73, 89, 90, 91, 92, 94], "excluded_lines": [], "functions": {"load_model": {"executed_lines": [], "summary": {"covered_lines": 0, "num_statements": 7, "percent_covered": 0.0, "percent_covered_display": "0", "missing_lines": 7, "excluded_lines": 0}, "missing_lines": [45, 46, 47, 48, 50, 51, 53], "excluded_lines": []}, "preprocess_input_data": {"executed_lines": [], "summary": {"covered_lines": 0, "num_statements": 5, "percent_covered": 0.0, "percent_covered_display": "0", "missing_lines": 5, "excluded_lines": 0}, "missing_lines": [68, 69, 70, 71, 73], "excluded_lines": []}, "make_predictions": {"executed_lines": [], "summary": {"covered_lines": 0, "num_statements": 5, "percent_covered": 0.0, "percent_covered_display": "0", "missing_lines": 5, "excluded_lines": 0}, "missing_lines": [89, 90, 91, 92, 94], "excluded_lines": []}, "": {"executed_lines": [1, 21, 22, 23, 24, 28, 29, 30, 32, 55, 75], "summary": {"covered_lines": 9, "num_statements": 9, "percent_covered": 100.0, "percent_covered_display": "100", "missing_lines": 0, "excluded_lines": 0}, "missing_lines": [], "excluded_lines": []}}, "classes": {"ModelLoadingError": {"executed_lines": [], "summary": {"covered_lines": 0, "num_statements": 0, "percent_covered": 100.0, "percent_covered_display": "100", "missing_lines": 0, "excluded_lines": 0}, "missing_lines": [], "excluded_lines": []}, "": {"executed_lines": [1, 21, 22, 23, 24, 28, 29, 30, 32, 55, 75], "summary": {"covered_lines": 9, "num_statements": 26, "percent_covered": 34.61538461538461, "percent_covered_display": "35", "missing_lines": 17, "excluded_lines": 0}, "missing_lines": [45, 46, 47, 48, 50, 51, 53, 68, 69, 70, 71, 73, 89, 90, 91, 92, 94], "excluded_lines": []}}}, "src/model.py": {"executed_lines": [1, 32, 33, 34, 35, 36, 37, 38, 40, 44, 45, 46, 48, 73, 93, 114], "summary": {"covered_lines": 15, "num_statements": 53, "percent_covered": 28.30188679245283, "percent_covered_display": "28", "missing_lines": 38, "excluded_lines": 0}, "missing_lines": [58, 59, 61, 62, 63, 64, 66, 68, 69, 70, 71, 86, 87, 88, 89, 90, 91, 105, 106, 107, 108, 109, 110, 111, 112, 123, 124, 129, 132, 133, 134, 136, 139, 141, 142, 143, 144, 145], "excluded_lines": [], "functions": {"build_model": {"executed_lines": [], "summary": {"covered_lines": 0, "num_statements": 11, "percent_covered": 0.0, "percent_covered_display": "0", "missing_lines": 11, "excluded_lines": 0}, "missing_lines": [58, 59, 61, 62, 63, 64, 66, 68, 69, 70, 71], "excluded_lines": []}, "split_data": {"executed_lines": [], "summary": {"covered_lines": 0, "num_statements": 6, "percent_covered": 0.0, "percent_covered_display": "0", "missing_lines": 6, "excluded_lines": 0}, "missing_lines": [86, 87, 88, 89, 90, 91], "excluded_lines": []}, "train_model": {"executed_lines": [], "summary": {"covered_lines": 0, "num_statements": 8, "percent_covered": 0.0, "percent_covered_display": "0", "missing_lines": 8, "excluded_lines": 0}, "missing_lines": [105, 106, 107, 108, 109, 110, 111, 112], "excluded_lines": []}, "save_model": {"executed_lines": [], "summary": {"covered_lines": 0, "num_statements": 13, "percent_covered": 0.0, "percent_covered_display": "0", "missing_lines": 13, "excluded_lines": 0}, "missing_lines": [123, 124, 129, 132, 133, 134, 136, 139, 141, 142, 143, 144, 145], "excluded_lines": []}, "": {"executed_lines": [1, 32, 33, 34, 35, 36, 37, 38, 40, 44, 45, 46, 48, 73, 93, 114], "summary": {"covered_lines": 15, "num_statements": 15, "percent_covered": 100.0, "percent_covered_display": "100", "missing_lines": 0, "excluded_lines": 0}, "missing_lines": [], "excluded_lines": []}}, "classes": {"": {"executed_lines": [1, 32, 33, 34, 35, 36, 37, 38, 40, 44, 45, 46, 48, 73, 93, 114], "summary": {"covered_lines": 15, "num_statements": 53, "percent_covered": 28.30188679245283, "percent_covered_display": "28", "missing_lines": 38, "excluded_lines": 0}, "missing_lines": [58, 59, 61, 62, 63, 64, 66, 68, 69, 70, 71, 86, 87, 88, 89, 90, 91, 105, 106, 107, 108, 109, 110, 111, 112, 123, 124, 129, 132, 133, 134, 136, 139, 141, 142, 143, 144, 145], "excluded_lines": []}}}, "src/preprocess.py": {"executed_lines": [1, 33, 34, 35, 36, 37, 39, 65], "summary": {"covered_lines": 7, "num_statements": 33, "percent_covered": 21.21212121212121, "percent_covered_display": "21", "missing_lines": 26, "excluded_lines": 0}, "missing_lines": [52, 53, 54, 57, 58, 59, 60, 62, 78, 79, 80, 82, 83, 86, 89, 90, 93, 94, 96, 97, 99, 105, 106, 108, 110, 111], "excluded_lines": [], "functions": {"load_data": {"executed_lines": [], "summary": {"covered_lines": 0, "num_statements": 8, "percent_covered": 0.0, "percent_covered_display": "0", "missing_lines": 8, "excluded_lines": 0}, "missing_lines": [52, 53, 54, 57, 58, 59, 60, 62], "excluded_lines": []}, "preprocess_data": {"executed_lines": [], "summary": {"covered_lines": 0, "num_statements": 18, "percent_covered": 0.0, "percent_covered_display": "0", "missing_lines": 18, "excluded_lines": 0}, "missing_lines": [78, 79, 80, 82, 83, 86, 89, 90, 93, 94, 96, 97, 99, 105, 106, 108, 110, 111], "excluded_lines": []}, "": {"executed_lines": [1, 33, 34, 35, 36, 37, 39, 65], "summary": {"covered_lines": 7, "num_statements": 7, "percent_covered": 100.0, "percent_covered_display": "100", "missing_lines": 0, "excluded_lines": 0}, "missing_lines": [], "excluded_lines": []}}, "classes": {"": {"executed_lines": [1, 33, 34, 35, 36, 37, 39, 65], "summary": {"covered_lines": 7, "num_statements": 33, "percent_covered": 21.21212121212121, "percent_covered_display": "21", "missing_lines": 26, "excluded_lines": 0}, "missing_lines": [52, 53, 54, 57, 58, 59, 60, 62, 78, 79, 80, 82, 83, 86, 89, 90, 93, 94, 96, 97, 99, 105, 106, 108, 110, 111], "excluded_lines": []}}}, "tests/test_evaluate.py": {"executed_lines": [1, 25, 26, 27, 28, 30, 31, 51, 52, 62, 68, 75, 88, 93, 105], "summary": {"covered_lines": 14, "num_statements": 51, "percent_covered": 27.45098039215686, "percent_covered_display": "27", "missing_lines": 37, "excluded_lines": 0}, "missing_lines": [32, 33, 35, 54, 55, 56, 57, 58, 59, 60, 64, 65, 66, 70, 71, 72, 73, 77, 78, 95, 96, 97, 98, 99, 100, 101, 102, 103, 107, 108, 109, 110, 111, 112, 113, 114, 115], "excluded_lines": [], "functions": {"sample_data": {"executed_lines": [], "summary": {"covered_lines": 0, "num_statements": 3, "percent_covered": 0.0, "percent_covered_display": "0", "missing_lines": 3, "excluded_lines": 0}, "missing_lines": [32, 33, 35], "excluded_lines": []}, "pretrained_model": {"executed_lines": [], "summary": {"covered_lines": 0, "num_statements": 7, "percent_covered": 0.0, "percent_covered_display": "0", "missing_lines": 7, "excluded_lines": 0}, "missing_lines": [54, 55, 56, 57, 58, 59, 60], "excluded_lines": []}, "test_load_model_non_existent": {"executed_lines": [], "summary": {"covered_lines": 0, "num_statements": 3, "percent_covered": 0.0, "percent_covered_display": "0", "missing_lines": 3, "excluded_lines": 0}, "missing_lines": [64, 65, 66], "excluded_lines": []}, "test_load_model_invalid": {"executed_lines": [], "summary": {"covered_lines": 0, "num_statements": 4, "percent_covered": 0.0, "percent_covered_display": "0", "missing_lines": 4, "excluded_lines": 0}, "missing_lines": [70, 71, 72, 73], "excluded_lines": []}, "test_load_model_success": {"executed_lines": [], "summary": {"covered_lines": 0, "num_statements": 2, "percent_covered": 0.0, "percent_covered_display": "0", "missing_lines": 2, "excluded_lines": 0}, "missing_lines": [77, 78], "excluded_lines": []}, "test_evaluate_model_metrics": {"executed_lines": [], "summary": {"covered_lines": 0, "num_statements": 9, "percent_covered": 0.0, "percent_covered_display": "0", "missing_lines": 9, "excluded_lines": 0}, "missing_lines": [95, 96, 97, 98, 99, 100, 101, 102, 103], "excluded_lines": []}, "test_evaluate_model_integration": {"executed_lines": [], "summary": {"covered_lines": 0, "num_statements": 9, "percent_covered": 0.0, "percent_covered_display": "0", "missing_lines": 9, "excluded_lines": 0}, "missing_lines": [107, 108, 109, 110, 111, 112, 113, 114, 115], "excluded_lines": []}, "": {"executed_lines": [1, 25, 26, 27, 28, 30, 31, 51, 52, 62, 68, 75, 88, 93, 105], "summary": {"covered_lines": 14, "num_statements": 14, "percent_covered": 100.0, "percent_covered_display": "100", "missing_lines": 0, "excluded_lines": 0}, "missing_lines": [], "excluded_lines": []}}, "classes": {"": {"executed_lines": [1, 25, 26, 27, 28, 30, 31, 51, 52, 62, 68, 75, 88, 93, 105], "summary": {"covered_lines": 14, "num_statements": 51, "percent_covered": 27.45098039215686, "percent_covered_display": "27", "missing_lines": 37, "excluded_lines": 0}, "missing_lines": [32, 33, 35, 54, 55, 56, 57, 58, 59, 60, 64, 65, 66, 70, 71, 72, 73, 77, 78, 95, 96, 97, 98, 99, 100, 101, 102, 103, 107, 108, 109, 110, 111, 112, 113, 114, 115], "excluded_lines": []}}}, "tests/test_inference.py": {"executed_lines": [1, 28, 29, 30, 33, 42, 47, 56, 66, 72, 79, 95, 104, 118, 138], "summary": {"covered_lines": 14, "num_statements": 67, "percent_covered": 20.895522388059703, "percent_covered_display": "21", "missing_lines": 53, "excluded_lines": 0}, "missing_lines": [35, 36, 39, 40, 44, 45, 49, 50, 53, 54, 58, 59, 62, 63, 68, 69, 70, 74, 75, 76, 81, 82, 85, 88, 89, 92, 93, 97, 98, 99, 101, 102, 106, 107, 110, 113, 114, 115, 120, 121, 124, 127, 128, 131, 134, 135, 143, 145, 146, 149, 152, 155, 158], "excluded_lines": [], "functions": {"test_load_model_success": {"executed_lines": [], "summary": {"covered_lines": 0, "num_statements": 4, "percent_covered": 0.0, "percent_covered_display": "0", "missing_lines": 4, "excluded_lines": 0}, "missing_lines": [35, 36, 39, 40], "excluded_lines": []}, "test_load_model_file_not_found": {"executed_lines": [], "summary": {"covered_lines": 0, "num_statements": 2, "percent_covered": 0.0, "percent_covered_display": "0", "missing_lines": 2, "excluded_lines": 0}, "missing_lines": [44, 45], "excluded_lines": []}, "test_load_model_eof_error": {"executed_lines": [], "summary": {"covered_lines": 0, "num_statements": 4, "percent_covered": 0.0, "percent_covered_display": "0", "missing_lines": 4, "excluded_lines": 0}, "missing_lines": [49, 50, 53, 54], "excluded_lines": []}, "test_load_model_invalid_object": {"executed_lines": [], "summary": {"covered_lines": 0, "num_statements": 4, "percent_covered": 0.0, "percent_covered_display": "0", "missing_lines": 4, "excluded_lines": 0}, "missing_lines": [58, 59, 62, 63], "excluded_lines": []}, "test_preprocess_input_data_success": {"executed_lines": [], "summary": {"covered_lines": 0, "num_statements": 3, "percent_covered": 0.0, "percent_covered_display": "0", "missing_lines": 3, "excluded_lines": 0}, "missing_lines": [68, 69, 70], "excluded_lines": []}, "test_preprocess_input_data_invalid_data": {"executed_lines": [], "summary": {"covered_lines": 0, "num_statements": 3, "percent_covered": 0.0, "percent_covered_display": "0", "missing_lines": 3, "excluded_lines": 0}, "missing_lines": [74, 75, 76], "excluded_lines": []}, "test_make_predictions_success": {"executed_lines": [], "summary": {"covered_lines": 0, "num_statements": 7, "percent_covered": 0.0, "percent_covered_display": "0", "missing_lines": 7, "excluded_lines": 0}, "missing_lines": [81, 82, 85, 88, 89, 92, 93], "excluded_lines": []}, "test_make_predictions_invalid_model": {"executed_lines": [], "summary": {"covered_lines": 0, "num_statements": 5, "percent_covered": 0.0, "percent_covered_display": "0", "missing_lines": 5, "excluded_lines": 0}, "missing_lines": [97, 98, 99, 101, 102], "excluded_lines": []}, "test_make_predictions_invalid_data": {"executed_lines": [], "summary": {"covered_lines": 0, "num_statements": 6, "percent_covered": 0.0, "percent_covered_display": "0", "missing_lines": 6, "excluded_lines": 0}, "missing_lines": [106, 107, 110, 113, 114, 115], "excluded_lines": []}, "test_integration": {"executed_lines": [], "summary": {"covered_lines": 0, "num_statements": 8, "percent_covered": 0.0, "percent_covered_display": "0", "missing_lines": 8, "excluded_lines": 0}, "missing_lines": [120, 121, 124, 127, 128, 131, 134, 135], "excluded_lines": []}, "test_make_predictions_multiple_inputs": {"executed_lines": [], "summary": {"covered_lines": 0, "num_statements": 6, "percent_covered": 0.0, "percent_covered_display": "0", "missing_lines": 6, "excluded_lines": 0}, "missing_lines": [145, 146, 149, 152, 155, 158], "excluded_lines": []}, "": {"executed_lines": [1, 28, 29, 30, 33, 42, 47, 56, 66, 72, 79, 95, 104, 118, 138], "summary": {"covered_lines": 14, "num_statements": 15, "percent_covered": 93.33333333333333, "percent_covered_display": "93", "missing_lines": 1, "excluded_lines": 0}, "missing_lines": [143], "excluded_lines": []}}, "classes": {"": {"executed_lines": [1, 28, 29, 30, 33, 42, 47, 56, 66, 72, 79, 95, 104, 118, 138], "summary": {"covered_lines": 14, "num_statements": 67, "percent_covered": 20.895522388059703, "percent_covered_display": "21", "missing_lines": 53, "excluded_lines": 0}, "missing_lines": [35, 36, 39, 40, 44, 45, 49, 50, 53, 54, 58, 59, 62, 63, 68, 69, 70, 74, 75, 76, 81, 82, 85, 88, 89, 92, 93, 97, 98, 99, 101, 102, 106, 107, 110, 113, 114, 115, 120, 121, 124, 127, 128, 131, 134, 135, 143, 145, 146, 149, 152, 155, 158], "excluded_lines": []}}}, "tests/test_model.py": {"executed_lines": [1, 22, 23, 24, 25, 26, 27, 28, 30, 31, 38, 51, 61], "summary": {"covered_lines": 12, "num_statements": 36, "percent_covered": 33.333333333333336, "percent_covered_display": "33", "missing_lines": 24, "excluded_lines": 0}, "missing_lines": [33, 34, 35, 36, 41, 42, 44, 45, 48, 49, 53, 54, 56, 57, 58, 59, 63, 64, 67, 68, 69, 72, 73, 74], "excluded_lines": [], "functions": {"sample_data": {"executed_lines": [], "summary": {"covered_lines": 0, "num_statements": 4, "percent_covered": 0.0, "percent_covered_display": "0", "missing_lines": 4, "excluded_lines": 0}, "missing_lines": [33, 34, 35, 36], "excluded_lines": []}, "test_build_model": {"executed_lines": [], "summary": {"covered_lines": 0, "num_statements": 6, "percent_covered": 0.0, "percent_covered_display": "0", "missing_lines": 6, "excluded_lines": 0}, "missing_lines": [41, 42, 44, 45, 48, 49], "excluded_lines": []}, "test_split_data": {"executed_lines": [], "summary": {"covered_lines": 0, "num_statements": 6, "percent_covered": 0.0, "percent_covered_display": "0", "missing_lines": 6, "excluded_lines": 0}, "missing_lines": [53, 54, 56, 57, 58, 59], "excluded_lines": []}, "test_train_model": {"executed_lines": [], "summary": {"covered_lines": 0, "num_statements": 8, "percent_covered": 0.0, "percent_covered_display": "0", "missing_lines": 8, "excluded_lines": 0}, "missing_lines": [63, 64, 67, 68, 69, 72, 73, 74], "excluded_lines": []}, "": {"executed_lines": [1, 22, 23, 24, 25, 26, 27, 28, 30, 31, 38, 51, 61], "summary": {"covered_lines": 12, "num_statements": 12, "percent_covered": 100.0, "percent_covered_display": "100", "missing_lines": 0, "excluded_lines": 0}, "missing_lines": [], "excluded_lines": []}}, "classes": {"": {"executed_lines": [1, 22, 23, 24, 25, 26, 27, 28, 30, 31, 38, 51, 61], "summary": {"covered_lines": 12, "num_statements": 36, "percent_covered": 33.333333333333336, "percent_covered_display": "33", "missing_lines": 24, "excluded_lines": 0}, "missing_lines": [33, 34, 35, 36, 41, 42, 44, 45, 48, 49, 53, 54, 56, 57, 58, 59, 63, 64, 67, 68, 69, 72, 73, 74], "excluded_lines": []}}}, "tests/test_preprocess.py": {"executed_lines": [1, 48, 49, 50, 51, 53, 54, 69, 70, 75, 81, 87, 92, 99, 109], "summary": {"covered_lines": 14, "num_statements": 42, "percent_covered": 33.333333333333336, "percent_covered_display": "33", "missing_lines": 28, "excluded_lines": 0}, "missing_lines": [55, 56, 67, 71, 72, 73, 76, 77, 78, 79, 82, 83, 84, 85, 88, 89, 90, 93, 94, 95, 96, 97, 100, 101, 110, 111, 112, 113], "excluded_lines": [], "functions": {"sample_data": {"executed_lines": [], "summary": {"covered_lines": 0, "num_statements": 3, "percent_covered": 0.0, "percent_covered_display": "0", "missing_lines": 3, "excluded_lines": 0}, "missing_lines": [55, 56, 67], "excluded_lines": []}, "temp_csv_file": {"executed_lines": [], "summary": {"covered_lines": 0, "num_statements": 3, "percent_covered": 0.0, "percent_covered_display": "0", "missing_lines": 3, "excluded_lines": 0}, "missing_lines": [71, 72, 73], "excluded_lines": []}, "test_load_data_from_file": {"executed_lines": [], "summary": {"covered_lines": 0, "num_statements": 4, "percent_covered": 0.0, "percent_covered_display": "0", "missing_lines": 4, "excluded_lines": 0}, "missing_lines": [76, 77, 78, 79], "excluded_lines": []}, "test_load_data_from_default_source": {"executed_lines": [], "summary": {"covered_lines": 0, "num_statements": 4, "percent_covered": 0.0, "percent_covered_display": "0", "missing_lines": 4, "excluded_lines": 0}, "missing_lines": [82, 83, 84, 85], "excluded_lines": []}, "test_load_data_non_existent_file": {"executed_lines": [], "summary": {"covered_lines": 0, "num_statements": 3, "percent_covered": 0.0, "percent_covered_display": "0", "missing_lines": 3, "excluded_lines": 0}, "missing_lines": [88, 89, 90], "excluded_lines": []}, "test_preprocess_data": {"executed_lines": [], "summary": {"covered_lines": 0, "num_statements": 5, "percent_covered": 0.0, "percent_covered_display": "0", "missing_lines": 5, "excluded_lines": 0}, "missing_lines": [93, 94, 95, 96, 97], "excluded_lines": []}, "test_preprocess_data_invalid_input": {"executed_lines": [], "summary": {"covered_lines": 0, "num_statements": 2, "percent_covered": 0.0, "percent_covered_display": "0", "missing_lines": 2, "excluded_lines": 0}, "missing_lines": [100, 101], "excluded_lines": []}, "test_feature_scaling": {"executed_lines": [], "summary": {"covered_lines": 0, "num_statements": 4, "percent_covered": 0.0, "percent_covered_display": "0", "missing_lines": 4, "excluded_lines": 0}, "missing_lines": [110, 111, 112, 113], "excluded_lines": []}, "": {"executed_lines": [1, 48, 49, 50, 51, 53, 54, 69, 70, 75, 81, 87, 92, 99, 109], "summary": {"covered_lines": 14, "num_statements": 14, "percent_covered": 100.0, "percent_covered_display": "100", "missing_lines": 0, "excluded_lines": 0}, "missing_lines": [], "excluded_lines": []}}, "classes": {"": {"executed_lines": [1, 48, 49, 50, 51, 53, 54, 69, 70, 75, 81, 87, 92, 99, 109], "summary": {"covered_lines": 14, "num_statements": 42, "percent_covered": 33.333333333333336, "percent_covered_display": "33", "missing_lines": 28, "excluded_lines": 0}, "missing_lines": [55, 56, 67, 71, 72, 73, 76, 77, 78, 79, 82, 83, 84, 85, 88, 89, 90, 93, 94, 95, 96, 97, 100, 101, 110, 111, 112, 113], "excluded_lines": []}}}}, "totals": {"covered_lines": 91, "num_statements": 331, "percent_covered": 27.492447129909365, "percent_covered_display": "27", "missing_lines": 240, "excluded_lines": 0}}